<?xml version="1.0" encoding="UTF-8"?>
<testsuite name="test.sources.MyFirstTest" time="67.566" tests="1" errors="1" skipped="0" failures="0">
  <properties>
[...]
</properties>
  <testcase name="webSiteTest" classname="test.sources.MyFirstTest" time="67.566">
    <error message="org/openqa/selenium/internal/HasIdentity" type="java.lang.NoClassDefFoundError">java.lang.NoClassDefFoundError: org/openqa/selenium/internal/HasIdentity
	at java.net.URLClassLoader.findClass(URLClassLoader.java:381)
	at java.lang.ClassLoader.loadClass(ClassLoader.java:424)
	at sun.misc.Launcher$AppClassLoader.loadClass(Launcher.java:331)
	at java.lang.ClassLoader.loadClass(ClassLoader.java:357)
	at java.lang.ClassLoader.defineClass1(Native Method)
	at java.lang.ClassLoader.defineClass(ClassLoader.java:760)
	at java.security.SecureClassLoader.defineClass(SecureClassLoader.java:142)
	at java.net.URLClassLoader.defineClass(URLClassLoader.java:467)
	at java.net.URLClassLoader.access$100(URLClassLoader.java:73)
	at java.net.URLClassLoader$1.run(URLClassLoader.java:368)
	at java.net.URLClassLoader$1.run(URLClassLoader.java:362)
	at java.security.AccessController.doPrivileged(Native Method)
	at java.net.URLClassLoader.findClass(URLClassLoader.java:361)
	at java.lang.ClassLoader.loadClass(ClassLoader.java:424)
	at sun.misc.Launcher$AppClassLoader.loadClass(Launcher.java:331)
	at java.lang.ClassLoader.loadClass(ClassLoader.java:357)
	at org.openqa.selenium.remote.internal.JsonToWebElementConverter.newRemoteWebElement(JsonToWebElementConverter.java:77)
	at org.openqa.selenium.remote.internal.JsonToWebElementConverter.apply(JsonToWebElementConverter.java:52)
	at org.openqa.selenium.remote.RemoteWebDriver.execute(RemoteWebDriver.java:577)
	at org.openqa.selenium.remote.RemoteWebDriver.findElement(RemoteWebDriver.java:348)
	at org.openqa.selenium.remote.RemoteWebDriver.findElementByXPath(RemoteWebDriver.java:445)
	at org.openqa.selenium.By$ByXPath.findElement(By.java:363)
	at org.openqa.selenium.remote.RemoteWebDriver.findElement(RemoteWebDriver.java:340)
	at org.openqa.selenium.support.ui.ExpectedConditions.findElement(ExpectedConditions.java:861)
	at org.openqa.selenium.support.ui.ExpectedConditions.access$000(ExpectedConditions.java:41)
	at org.openqa.selenium.support.ui.ExpectedConditions$7.apply(ExpectedConditions.java:205)
	at org.openqa.selenium.support.ui.ExpectedConditions$7.apply(ExpectedConditions.java:201)
	at org.openqa.selenium.support.ui.FluentWait.until(FluentWait.java:209)
	at test.sources.MyFirstTest.FindElementBy(MyFirstTest.java:67)
	at test.sources.MyFirstTest.webSiteTest(MyFirstTest.java:86)
</error>
    <system-err><![CDATA[Starting ChromeDriver 2.17.340124 (8cdfc496335a58cfb8bdd672c7dce0c23456384b) on port 27577
Only local connections are allowed.
]]></system-err>
  </testcase>
</testsuite>