<?xml version="1.0" encoding="UTF-8"?>
<testng-results skipped="0" failed="0" total="0" passed="0">
  <reporter-output>
  </reporter-output>
  <suite name="test.sources.MyFirstTest" duration-ms="45" started-at="2015-08-26T12:11:59Z" finished-at="2015-08-26T12:11:59Z">
    <groups>
    </groups>
    <test name="Command line test" duration-ms="45" started-at="2015-08-26T12:11:59Z" finished-at="2015-08-26T12:11:59Z">
    </test> <!-- Command line test -->
  </suite> <!-- test.sources.MyFirstTest -->
</testng-results>
